  Main.cpp
  AppClassControls.cpp
  AppClass.cpp
  Generating Code...
  Game_VS15.vcxproj -> Z:\IGMProfile\Desktop\Love Invaders\Z_DELETE\Game_VS15D.exe
  Game_VS15.vcxproj -> Z:\IGMProfile\Desktop\Love Invaders\Z_DELETE\Game_VS15D.pdb (Full PDB)
  A subdirectory or file Z:\IGMProfile\Desktop\Love Invaders\_Binary\ already exists.
  Z:\IGMProfile\Desktop\Love Invaders\include\GL\bin\glew32.dll
  Z:\IGMProfile\Desktop\Love Invaders\include\GL\bin\glut32.dll
  2 File(s) copied
  Z:\IGMProfile\Desktop\Love Invaders\include\RE\bin\2015\ReEng_VS15.dll
  Z:\IGMProfile\Desktop\Love Invaders\include\RE\bin\2015\ReEng_VS15_d.dll
  2 File(s) copied
  Z:\IGMProfile\Desktop\Love Invaders\include\SFML\bin\sfml-system-2.dll
  1 File(s) copied
  Z:\IGMProfile\Desktop\Love Invaders\include\SFML\bin\sfml-window-2.dll
  1 File(s) copied
  A subdirectory or file Z:\IGMProfile\Desktop\Love Invaders\_Binary\Shaders\ already exists.
  Z:\IGMProfile\Desktop\Love Invaders\include\RE\Shaders\Basic.fs
  Z:\IGMProfile\Desktop\Love Invaders\include\RE\Shaders\Basic.vs
  Z:\IGMProfile\Desktop\Love Invaders\include\RE\Shaders\BasicColor.fs
  Z:\IGMProfile\Desktop\Love Invaders\include\RE\Shaders\BasicColor.vs
  Z:\IGMProfile\Desktop\Love Invaders\include\RE\Shaders\Color.fs
  Z:\IGMProfile\Desktop\Love Invaders\include\RE\Shaders\Color.vs
  Z:\IGMProfile\Desktop\Love Invaders\include\RE\Shaders\PassThrough.fs
  Z:\IGMProfile\Desktop\Love Invaders\include\RE\Shaders\PassThrough.vs
  Z:\IGMProfile\Desktop\Love Invaders\include\RE\Shaders\Phong.fs
  Z:\IGMProfile\Desktop\Love Invaders\include\RE\Shaders\Phong.vs
  Z:\IGMProfile\Desktop\Love Invaders\include\RE\Shaders\REShader.fs
  Z:\IGMProfile\Desktop\Love Invaders\include\RE\Shaders\REShader.vs
  Z:\IGMProfile\Desktop\Love Invaders\include\RE\Shaders\REShaderInv.fs
  Z:\IGMProfile\Desktop\Love Invaders\include\RE\Shaders\REShaderMC.fs
  Z:\IGMProfile\Desktop\Love Invaders\include\RE\Shaders\Skybox.fs
  Z:\IGMProfile\Desktop\Love Invaders\include\RE\Shaders\Skybox.vs
  Z:\IGMProfile\Desktop\Love Invaders\include\RE\Shaders\Test.fs
  Z:\IGMProfile\Desktop\Love Invaders\include\RE\Shaders\Test.vs
  Z:\IGMProfile\Desktop\Love Invaders\include\RE\Shaders\TextShader.fs
  Z:\IGMProfile\Desktop\Love Invaders\include\RE\Shaders\TextShader.vs
  20 File(s) copied
